{
"/Users/indieisaconcept/Sites/development/personal/boulevard/lib/helper/index.js":{"path":"/Users/indieisaconcept/Sites/development/personal/boulevard/lib/helper/index.js","s":{"1":1,"2":1,"3":2,"4":6,"5":6,"6":2,"7":4,"8":6,"9":2,"10":1,"11":18,"12":18,"13":50,"14":50,"15":9,"16":9,"17":9,"18":2,"19":9,"20":50,"21":24,"22":24,"23":8,"24":16,"25":4,"26":50,"27":18,"28":1,"29":11,"30":2,"31":9,"32":9,"33":3,"34":1,"35":2,"36":1,"37":1,"38":6,"39":6,"40":6,"41":20,"42":20,"43":20,"44":20,"45":1,"46":1},"b":{"1":[6,5,4],"2":[2,4],"3":[2,4],"4":[18,1],"5":[9,41],"6":[9,9],"7":[9,2,8,1],"8":[2,7],"9":[24,26],"10":[8,16],"11":[8,7],"12":[4,12],"13":[4,3],"14":[2,9],"15":[3,6],"16":[1,2],"17":[1,1],"18":[6,6],"19":[6,6,0]},"f":{"1":2,"2":6,"3":18,"4":50,"5":9,"6":11,"7":20,"8":20},"fnMap":{"1":{"name":"(anonymous_1)","line":33,"loc":{"start":{"line":33,"column":12},"end":{"line":33,"column":64}}},"2":{"name":"(anonymous_2)","line":35,"loc":{"start":{"line":35,"column":32},"end":{"line":35,"column":48}}},"3":{"name":"(anonymous_3)","line":67,"loc":{"start":{"line":67,"column":17},"end":{"line":67,"column":70}}},"4":{"name":"(anonymous_4)","line":74,"loc":{"start":{"line":74,"column":35},"end":{"line":74,"column":51}}},"5":{"name":"(anonymous_5)","line":84,"loc":{"start":{"line":84,"column":63},"end":{"line":84,"column":92}}},"6":{"name":"(anonymous_6)","line":138,"loc":{"start":{"line":138,"column":9},"end":{"line":138,"column":71}}},"7":{"name":"(anonymous_7)","line":164,"loc":{"start":{"line":164,"column":15},"end":{"line":164,"column":71}}},"8":{"name":"(anonymous_8)","line":166,"loc":{"start":{"line":166,"column":28},"end":{"line":166,"column":44}}}},"statementMap":{"1":{"start":{"line":11,"column":0},"end":{"line":18,"column":6}},"2":{"start":{"line":33,"column":0},"end":{"line":54,"column":2}},"3":{"start":{"line":35,"column":4},"end":{"line":50,"column":7}},"4":{"start":{"line":37,"column":8},"end":{"line":40,"column":102}},"5":{"start":{"line":42,"column":8},"end":{"line":46,"column":9}},"6":{"start":{"line":43,"column":12},"end":{"line":43,"column":30}},"7":{"start":{"line":45,"column":12},"end":{"line":45,"column":25}},"8":{"start":{"line":48,"column":8},"end":{"line":48,"column":20}},"9":{"start":{"line":52,"column":4},"end":{"line":52,"column":22}},"10":{"start":{"line":67,"column":1},"end":{"line":120,"column":2}},"11":{"start":{"line":69,"column":4},"end":{"line":72,"column":36}},"12":{"start":{"line":74,"column":4},"end":{"line":116,"column":7}},"13":{"start":{"line":76,"column":8},"end":{"line":77,"column":28}},"14":{"start":{"line":79,"column":8},"end":{"line":97,"column":9}},"15":{"start":{"line":84,"column":12},"end":{"line":95,"column":22}},"16":{"start":{"line":86,"column":16},"end":{"line":87,"column":70}},"17":{"start":{"line":89,"column":16},"end":{"line":91,"column":17}},"18":{"start":{"line":90,"column":20},"end":{"line":90,"column":37}},"19":{"start":{"line":93,"column":16},"end":{"line":93,"column":32}},"20":{"start":{"line":102,"column":8},"end":{"line":112,"column":9}},"21":{"start":{"line":104,"column":12},"end":{"line":104,"column":46}},"22":{"start":{"line":106,"column":12},"end":{"line":110,"column":13}},"23":{"start":{"line":107,"column":16},"end":{"line":107,"column":47}},"24":{"start":{"line":108,"column":19},"end":{"line":110,"column":13}},"25":{"start":{"line":109,"column":16},"end":{"line":109,"column":48}},"26":{"start":{"line":114,"column":8},"end":{"line":114,"column":21}},"27":{"start":{"line":118,"column":4},"end":{"line":118,"column":22}},"28":{"start":{"line":138,"column":0},"end":{"line":181,"column":2}},"29":{"start":{"line":140,"column":4},"end":{"line":142,"column":5}},"30":{"start":{"line":141,"column":8},"end":{"line":141,"column":90}},"31":{"start":{"line":144,"column":4},"end":{"line":145,"column":42}},"32":{"start":{"line":147,"column":4},"end":{"line":179,"column":5}},"33":{"start":{"line":149,"column":8},"end":{"line":151,"column":9}},"34":{"start":{"line":150,"column":12},"end":{"line":150,"column":90}},"35":{"start":{"line":153,"column":8},"end":{"line":155,"column":9}},"36":{"start":{"line":154,"column":12},"end":{"line":154,"column":79}},"37":{"start":{"line":157,"column":8},"end":{"line":157,"column":30}},"38":{"start":{"line":161,"column":8},"end":{"line":161,"column":66}},"39":{"start":{"line":162,"column":8},"end":{"line":162,"column":60}},"40":{"start":{"line":164,"column":8},"end":{"line":177,"column":10}},"41":{"start":{"line":166,"column":12},"end":{"line":173,"column":15}},"42":{"start":{"line":168,"column":16},"end":{"line":169,"column":51}},"43":{"start":{"line":171,"column":16},"end":{"line":171,"column":58}},"44":{"start":{"line":175,"column":12},"end":{"line":175,"column":30}},"45":{"start":{"line":183,"column":0},"end":{"line":183,"column":26}},"46":{"start":{"line":184,"column":0},"end":{"line":184,"column":27}}},"branchMap":{"1":{"line":37,"type":"binary-expr","locations":[{"start":{"line":37,"column":22},"end":{"line":37,"column":30}},{"start":{"line":37,"column":34},"end":{"line":37,"column":43}},{"start":{"line":37,"column":47},"end":{"line":37,"column":51}}]},"2":{"line":39,"type":"cond-expr","locations":[{"start":{"line":39,"column":61},"end":{"line":39,"column":67}},{"start":{"line":39,"column":70},"end":{"line":39,"column":75}}]},"3":{"line":42,"type":"if","locations":[{"start":{"line":42,"column":8},"end":{"line":42,"column":8}},{"start":{"line":42,"column":8},"end":{"line":42,"column":8}}]},"4":{"line":70,"type":"binary-expr","locations":[{"start":{"line":70,"column":19},"end":{"line":70,"column":33}},{"start":{"line":70,"column":37},"end":{"line":70,"column":39}}]},"5":{"line":79,"type":"if","locations":[{"start":{"line":79,"column":8},"end":{"line":79,"column":8}},{"start":{"line":79,"column":8},"end":{"line":79,"column":8}}]},"6":{"line":84,"type":"binary-expr","locations":[{"start":{"line":84,"column":20},"end":{"line":84,"column":31}},{"start":{"line":84,"column":35},"end":{"line":95,"column":21}}]},"7":{"line":86,"type":"binary-expr","locations":[{"start":{"line":86,"column":28},"end":{"line":86,"column":45}},{"start":{"line":86,"column":49},"end":{"line":86,"column":70}},{"start":{"line":87,"column":28},"end":{"line":87,"column":44}},{"start":{"line":87,"column":48},"end":{"line":87,"column":69}}]},"8":{"line":89,"type":"if","locations":[{"start":{"line":89,"column":16},"end":{"line":89,"column":16}},{"start":{"line":89,"column":16},"end":{"line":89,"column":16}}]},"9":{"line":102,"type":"if","locations":[{"start":{"line":102,"column":8},"end":{"line":102,"column":8}},{"start":{"line":102,"column":8},"end":{"line":102,"column":8}}]},"10":{"line":106,"type":"if","locations":[{"start":{"line":106,"column":12},"end":{"line":106,"column":12}},{"start":{"line":106,"column":12},"end":{"line":106,"column":12}}]},"11":{"line":107,"type":"binary-expr","locations":[{"start":{"line":107,"column":25},"end":{"line":107,"column":30}},{"start":{"line":107,"column":34},"end":{"line":107,"column":45}}]},"12":{"line":108,"type":"if","locations":[{"start":{"line":108,"column":19},"end":{"line":108,"column":19}},{"start":{"line":108,"column":19},"end":{"line":108,"column":19}}]},"13":{"line":109,"type":"binary-expr","locations":[{"start":{"line":109,"column":25},"end":{"line":109,"column":30}},{"start":{"line":109,"column":34},"end":{"line":109,"column":46}}]},"14":{"line":140,"type":"if","locations":[{"start":{"line":140,"column":4},"end":{"line":140,"column":4}},{"start":{"line":140,"column":4},"end":{"line":140,"column":4}}]},"15":{"line":147,"type":"if","locations":[{"start":{"line":147,"column":4},"end":{"line":147,"column":4}},{"start":{"line":147,"column":4},"end":{"line":147,"column":4}}]},"16":{"line":149,"type":"if","locations":[{"start":{"line":149,"column":8},"end":{"line":149,"column":8}},{"start":{"line":149,"column":8},"end":{"line":149,"column":8}}]},"17":{"line":153,"type":"if","locations":[{"start":{"line":153,"column":8},"end":{"line":153,"column":8}},{"start":{"line":153,"column":8},"end":{"line":153,"column":8}}]},"18":{"line":161,"type":"binary-expr","locations":[{"start":{"line":161,"column":18},"end":{"line":161,"column":39}},{"start":{"line":161,"column":46},"end":{"line":161,"column":65}}]},"19":{"line":162,"type":"binary-expr","locations":[{"start":{"line":162,"column":18},"end":{"line":162,"column":41}},{"start":{"line":162,"column":46},"end":{"line":162,"column":53}},{"start":{"line":162,"column":57},"end":{"line":162,"column":59}}]}},"l":{"11":1,"33":1,"35":2,"37":6,"42":6,"43":2,"45":4,"48":6,"52":2,"67":1,"69":18,"74":18,"76":50,"79":50,"84":9,"86":9,"89":9,"90":2,"93":9,"102":50,"104":24,"106":24,"107":8,"108":16,"109":4,"114":50,"118":18,"138":1,"140":11,"141":2,"144":9,"147":9,"149":3,"150":1,"153":2,"154":1,"157":1,"161":6,"162":6,"164":6,"166":20,"168":20,"171":20,"175":20,"183":1,"184":1}},
"/Users/indieisaconcept/Sites/development/personal/boulevard/lib/util/index.js":{"path":"/Users/indieisaconcept/Sites/development/personal/boulevard/lib/util/index.js","s":{"1":1,"2":4,"3":4,"4":1,"5":1},"b":{"1":[4,4,0]},"f":{"1":4},"fnMap":{"1":{"name":"(anonymous_1)","line":24,"loc":{"start":{"line":24,"column":14},"end":{"line":24,"column":48}}}},"statementMap":{"1":{"start":{"line":11,"column":0},"end":{"line":28,"column":2}},"2":{"start":{"line":25,"column":8},"end":{"line":25,"column":70}},"3":{"start":{"line":26,"column":8},"end":{"line":26,"column":38}},"4":{"start":{"line":32,"column":0},"end":{"line":32,"column":37}},"5":{"start":{"line":34,"column":0},"end":{"line":34,"column":22}}},"branchMap":{"1":{"line":25,"type":"binary-expr","locations":[{"start":{"line":25,"column":34},"end":{"line":25,"column":43}},{"start":{"line":25,"column":47},"end":{"line":25,"column":62}},{"start":{"line":25,"column":66},"end":{"line":25,"column":68}}]}},"l":{"11":1,"25":4,"26":4,"32":1,"34":1}},
"/Users/indieisaconcept/Sites/development/personal/boulevard/lib/boulevard.js":{"path":"/Users/indieisaconcept/Sites/development/personal/boulevard/lib/boulevard.js","s":{"1":1,"2":1,"3":9,"4":9,"5":32,"6":20,"7":20,"8":18,"9":32,"10":1,"11":49,"12":9,"13":40,"14":40,"15":40,"16":29,"17":40,"18":40,"19":40,"20":17,"21":17,"22":3,"23":3,"24":14,"25":14,"26":40,"27":1,"28":9,"29":9,"30":9,"31":2,"32":2,"33":2,"34":9,"35":19,"36":1,"37":18,"38":1,"39":17,"40":0,"41":17,"42":17,"43":17,"44":17,"45":17,"46":8,"47":8,"48":17,"49":17,"50":52,"51":17,"52":49,"53":49,"54":49,"55":49,"56":17,"57":32,"58":32,"59":223,"60":32,"61":17,"62":17,"63":17,"64":17,"65":17,"66":1,"67":11,"68":11,"69":1,"70":10,"71":10,"72":10,"73":1,"74":9},"b":{"1":[18,2],"2":[9,40],"3":[40,37],"4":[29,29],"5":[2,38],"6":[40,23],"7":[40,4],"8":[40,37],"9":[40,17,26,13,3],"10":[17,23],"11":[3,14],"12":[2,1],"13":[14,4],"14":[9,5],"15":[40,32],"16":[9,7],"17":[9,7],"18":[2,0,2],"19":[1,18],"20":[1,17],"21":[0,17],"22":[17,0],"23":[8,8,6,0],"24":[17,17,0],"25":[11,212],"26":[11,5],"27":[1,10],"28":[1,9],"29":[7,3],"30":[3,2],"31":[1,9]},"f":{"1":9,"2":32,"3":20,"4":49,"5":29,"6":9,"7":2,"8":19,"9":8,"10":52,"11":32,"12":223,"13":11},"fnMap":{"1":{"name":"(anonymous_1)","line":41,"loc":{"start":{"line":41,"column":9},"end":{"line":41,"column":64}}},"2":{"name":"(anonymous_2)","line":45,"loc":{"start":{"line":45,"column":11},"end":{"line":45,"column":85}}},"3":{"name":"(anonymous_3)","line":47,"loc":{"start":{"line":47,"column":22},"end":{"line":47,"column":37}}},"4":{"name":"(anonymous_4)","line":78,"loc":{"start":{"line":78,"column":10},"end":{"line":78,"column":42}}},"5":{"name":"(anonymous_5)","line":99,"loc":{"start":{"line":99,"column":26},"end":{"line":99,"column":42}}},"6":{"name":"(anonymous_6)","line":149,"loc":{"start":{"line":149,"column":12},"end":{"line":149,"column":67}}},"7":{"name":"(anonymous_7)","line":161,"loc":{"start":{"line":161,"column":31},"end":{"line":161,"column":60}}},"8":{"name":"(anonymous_8)","line":177,"loc":{"start":{"line":177,"column":11},"end":{"line":177,"column":66}}},"9":{"name":"(anonymous_9)","line":205,"loc":{"start":{"line":205,"column":24},"end":{"line":205,"column":39}}},"10":{"name":"(anonymous_10)","line":215,"loc":{"start":{"line":215,"column":43},"end":{"line":215,"column":59}}},"11":{"name":"(anonymous_11)","line":239,"loc":{"start":{"line":239,"column":31},"end":{"line":239,"column":60}}},"12":{"name":"(anonymous_12)","line":243,"loc":{"start":{"line":243,"column":55},"end":{"line":243,"column":70}}},"13":{"name":"(anonymous_13)","line":276,"loc":{"start":{"line":276,"column":17},"end":{"line":276,"column":82}}}},"statementMap":{"1":{"start":{"line":11,"column":0},"end":{"line":29,"column":31}},"2":{"start":{"line":41,"column":0},"end":{"line":66,"column":2}},"3":{"start":{"line":43,"column":4},"end":{"line":43,"column":36}},"4":{"start":{"line":45,"column":4},"end":{"line":64,"column":6}},"5":{"start":{"line":47,"column":9},"end":{"line":60,"column":12}},"6":{"start":{"line":49,"column":12},"end":{"line":49,"column":57}},"7":{"start":{"line":51,"column":12},"end":{"line":58,"column":13}},"8":{"start":{"line":52,"column":16},"end":{"line":57,"column":20}},"9":{"start":{"line":62,"column":9},"end":{"line":62,"column":21}},"10":{"start":{"line":78,"column":0},"end":{"line":136,"column":2}},"11":{"start":{"line":80,"column":4},"end":{"line":82,"column":5}},"12":{"start":{"line":81,"column":8},"end":{"line":81,"column":15}},"13":{"start":{"line":87,"column":4},"end":{"line":87,"column":47}},"14":{"start":{"line":89,"column":4},"end":{"line":93,"column":6}},"15":{"start":{"line":99,"column":4},"end":{"line":101,"column":7}},"16":{"start":{"line":100,"column":8},"end":{"line":100,"column":55}},"17":{"start":{"line":103,"column":4},"end":{"line":107,"column":6}},"18":{"start":{"line":113,"column":4},"end":{"line":115,"column":53}},"19":{"start":{"line":120,"column":4},"end":{"line":132,"column":5}},"20":{"start":{"line":122,"column":8},"end":{"line":122,"column":25}},"21":{"start":{"line":124,"column":8},"end":{"line":130,"column":9}},"22":{"start":{"line":125,"column":12},"end":{"line":125,"column":37}},"23":{"start":{"line":126,"column":12},"end":{"line":126,"column":53}},"24":{"start":{"line":128,"column":12},"end":{"line":128,"column":52}},"25":{"start":{"line":129,"column":12},"end":{"line":129,"column":58}},"26":{"start":{"line":134,"column":4},"end":{"line":134,"column":41}},"27":{"start":{"line":149,"column":0},"end":{"line":263,"column":2}},"28":{"start":{"line":151,"column":4},"end":{"line":151,"column":44}},"29":{"start":{"line":153,"column":4},"end":{"line":156,"column":25}},"30":{"start":{"line":161,"column":4},"end":{"line":165,"column":12}},"31":{"start":{"line":162,"column":8},"end":{"line":162,"column":38}},"32":{"start":{"line":163,"column":8},"end":{"line":163,"column":78}},"33":{"start":{"line":164,"column":8},"end":{"line":164,"column":24}},"34":{"start":{"line":177,"column":4},"end":{"line":261,"column":6}},"35":{"start":{"line":179,"column":8},"end":{"line":181,"column":9}},"36":{"start":{"line":180,"column":12},"end":{"line":180,"column":67}},"37":{"start":{"line":183,"column":8},"end":{"line":185,"column":9}},"38":{"start":{"line":184,"column":12},"end":{"line":184,"column":59}},"39":{"start":{"line":187,"column":8},"end":{"line":189,"column":9}},"40":{"start":{"line":188,"column":12},"end":{"line":188,"column":41}},"41":{"start":{"line":191,"column":8},"end":{"line":196,"column":40}},"42":{"start":{"line":198,"column":8},"end":{"line":198,"column":39}},"43":{"start":{"line":199,"column":8},"end":{"line":199,"column":39}},"44":{"start":{"line":201,"column":8},"end":{"line":201,"column":27}},"45":{"start":{"line":205,"column":8},"end":{"line":209,"column":11}},"46":{"start":{"line":206,"column":12},"end":{"line":206,"column":38}},"47":{"start":{"line":207,"column":12},"end":{"line":208,"column":86}},"48":{"start":{"line":214,"column":8},"end":{"line":214,"column":70}},"49":{"start":{"line":215,"column":8},"end":{"line":217,"column":11}},"50":{"start":{"line":216,"column":12},"end":{"line":216,"column":35}},"51":{"start":{"line":221,"column":8},"end":{"line":235,"column":9}},"52":{"start":{"line":223,"column":12},"end":{"line":223,"column":76}},"53":{"start":{"line":225,"column":12},"end":{"line":225,"column":36}},"54":{"start":{"line":227,"column":12},"end":{"line":227,"column":76}},"55":{"start":{"line":233,"column":12},"end":{"line":233,"column":40}},"56":{"start":{"line":239,"column":8},"end":{"line":249,"column":19}},"57":{"start":{"line":241,"column":12},"end":{"line":241,"column":63}},"58":{"start":{"line":243,"column":12},"end":{"line":245,"column":15}},"59":{"start":{"line":244,"column":16},"end":{"line":244,"column":67}},"60":{"start":{"line":247,"column":12},"end":{"line":247,"column":28}},"61":{"start":{"line":253,"column":8},"end":{"line":253,"column":27}},"62":{"start":{"line":254,"column":8},"end":{"line":254,"column":30}},"63":{"start":{"line":256,"column":8},"end":{"line":256,"column":55}},"64":{"start":{"line":258,"column":8},"end":{"line":258,"column":30}},"65":{"start":{"line":259,"column":8},"end":{"line":259,"column":31}},"66":{"start":{"line":276,"column":0},"end":{"line":298,"column":2}},"67":{"start":{"line":278,"column":4},"end":{"line":278,"column":28}},"68":{"start":{"line":280,"column":4},"end":{"line":282,"column":5}},"69":{"start":{"line":281,"column":8},"end":{"line":281,"column":67}},"70":{"start":{"line":284,"column":4},"end":{"line":285,"column":67}},"71":{"start":{"line":290,"column":4},"end":{"line":290,"column":123}},"72":{"start":{"line":292,"column":4},"end":{"line":294,"column":5}},"73":{"start":{"line":293,"column":8},"end":{"line":293,"column":71}},"74":{"start":{"line":296,"column":4},"end":{"line":296,"column":40}}},"branchMap":{"1":{"line":51,"type":"if","locations":[{"start":{"line":51,"column":12},"end":{"line":51,"column":12}},{"start":{"line":51,"column":12},"end":{"line":51,"column":12}}]},"2":{"line":80,"type":"if","locations":[{"start":{"line":80,"column":4},"end":{"line":80,"column":4}},{"start":{"line":80,"column":4},"end":{"line":80,"column":4}}]},"3":{"line":92,"type":"binary-expr","locations":[{"start":{"line":92,"column":15},"end":{"line":92,"column":31}},{"start":{"line":92,"column":35},"end":{"line":92,"column":37}}]},"4":{"line":100,"type":"binary-expr","locations":[{"start":{"line":100,"column":15},"end":{"line":100,"column":28}},{"start":{"line":100,"column":32},"end":{"line":100,"column":54}}]},"5":{"line":104,"type":"cond-expr","locations":[{"start":{"line":104,"column":67},"end":{"line":104,"column":82}},{"start":{"line":104,"column":85},"end":{"line":104,"column":89}}]},"6":{"line":104,"type":"binary-expr","locations":[{"start":{"line":104,"column":18},"end":{"line":104,"column":27}},{"start":{"line":104,"column":31},"end":{"line":104,"column":64}}]},"7":{"line":105,"type":"binary-expr","locations":[{"start":{"line":105,"column":18},"end":{"line":105,"column":32}},{"start":{"line":105,"column":38},"end":{"line":105,"column":40}}]},"8":{"line":106,"type":"binary-expr","locations":[{"start":{"line":106,"column":18},"end":{"line":106,"column":34}},{"start":{"line":106,"column":38},"end":{"line":106,"column":40}}]},"9":{"line":113,"type":"binary-expr","locations":[{"start":{"line":113,"column":22},"end":{"line":113,"column":30}},{"start":{"line":113,"column":34},"end":{"line":113,"column":52}},{"start":{"line":114,"column":21},"end":{"line":114,"column":28}},{"start":{"line":115,"column":21},"end":{"line":115,"column":29}},{"start":{"line":115,"column":33},"end":{"line":115,"column":51}}]},"10":{"line":120,"type":"if","locations":[{"start":{"line":120,"column":4},"end":{"line":120,"column":4}},{"start":{"line":120,"column":4},"end":{"line":120,"column":4}}]},"11":{"line":124,"type":"if","locations":[{"start":{"line":124,"column":8},"end":{"line":124,"column":8}},{"start":{"line":124,"column":8},"end":{"line":124,"column":8}}]},"12":{"line":126,"type":"cond-expr","locations":[{"start":{"line":126,"column":35},"end":{"line":126,"column":43}},{"start":{"line":126,"column":46},"end":{"line":126,"column":52}}]},"13":{"line":128,"type":"binary-expr","locations":[{"start":{"line":128,"column":20},"end":{"line":128,"column":45}},{"start":{"line":128,"column":49},"end":{"line":128,"column":51}}]},"14":{"line":129,"type":"cond-expr","locations":[{"start":{"line":129,"column":43},"end":{"line":129,"column":48}},{"start":{"line":129,"column":51},"end":{"line":129,"column":57}}]},"15":{"line":134,"type":"binary-expr","locations":[{"start":{"line":134,"column":11},"end":{"line":134,"column":16}},{"start":{"line":134,"column":20},"end":{"line":134,"column":40}}]},"16":{"line":151,"type":"binary-expr","locations":[{"start":{"line":151,"column":22},"end":{"line":151,"column":37}},{"start":{"line":151,"column":41},"end":{"line":151,"column":43}}]},"17":{"line":154,"type":"binary-expr","locations":[{"start":{"line":154,"column":22},"end":{"line":154,"column":39}},{"start":{"line":154,"column":43},"end":{"line":154,"column":45}}]},"18":{"line":163,"type":"binary-expr","locations":[{"start":{"line":163,"column":28},"end":{"line":163,"column":49}},{"start":{"line":163,"column":53},"end":{"line":163,"column":69}},{"start":{"line":163,"column":73},"end":{"line":163,"column":77}}]},"19":{"line":179,"type":"if","locations":[{"start":{"line":179,"column":8},"end":{"line":179,"column":8}},{"start":{"line":179,"column":8},"end":{"line":179,"column":8}}]},"20":{"line":183,"type":"if","locations":[{"start":{"line":183,"column":8},"end":{"line":183,"column":8}},{"start":{"line":183,"column":8},"end":{"line":183,"column":8}}]},"21":{"line":187,"type":"if","locations":[{"start":{"line":187,"column":8},"end":{"line":187,"column":8}},{"start":{"line":187,"column":8},"end":{"line":187,"column":8}}]},"22":{"line":199,"type":"binary-expr","locations":[{"start":{"line":199,"column":16},"end":{"line":199,"column":30}},{"start":{"line":199,"column":34},"end":{"line":199,"column":38}}]},"23":{"line":207,"type":"binary-expr","locations":[{"start":{"line":207,"column":35},"end":{"line":207,"column":56}},{"start":{"line":207,"column":60},"end":{"line":207,"column":85}},{"start":{"line":208,"column":28},"end":{"line":208,"column":51}},{"start":{"line":208,"column":55},"end":{"line":208,"column":85}}]},"24":{"line":214,"type":"binary-expr","locations":[{"start":{"line":214,"column":14},"end":{"line":214,"column":17}},{"start":{"line":214,"column":21},"end":{"line":214,"column":63}},{"start":{"line":214,"column":67},"end":{"line":214,"column":69}}]},"25":{"line":244,"type":"cond-expr","locations":[{"start":{"line":244,"column":43},"end":{"line":244,"column":54}},{"start":{"line":244,"column":57},"end":{"line":244,"column":66}}]},"26":{"line":278,"type":"binary-expr","locations":[{"start":{"line":278,"column":14},"end":{"line":278,"column":21}},{"start":{"line":278,"column":25},"end":{"line":278,"column":27}}]},"27":{"line":280,"type":"if","locations":[{"start":{"line":280,"column":4},"end":{"line":280,"column":4}},{"start":{"line":280,"column":4},"end":{"line":280,"column":4}}]},"28":{"line":285,"type":"cond-expr","locations":[{"start":{"line":285,"column":43},"end":{"line":285,"column":52}},{"start":{"line":285,"column":55},"end":{"line":285,"column":66}}]},"29":{"line":290,"type":"cond-expr","locations":[{"start":{"line":290,"column":43},"end":{"line":290,"column":51}},{"start":{"line":290,"column":54},"end":{"line":290,"column":122}}]},"30":{"line":290,"type":"binary-expr","locations":[{"start":{"line":290,"column":54},"end":{"line":290,"column":77}},{"start":{"line":290,"column":81},"end":{"line":290,"column":122}}]},"31":{"line":292,"type":"if","locations":[{"start":{"line":292,"column":4},"end":{"line":292,"column":4}},{"start":{"line":292,"column":4},"end":{"line":292,"column":4}}]}},"l":{"11":1,"41":1,"43":9,"45":9,"47":32,"49":20,"51":20,"52":18,"62":32,"78":1,"80":49,"81":9,"87":40,"89":40,"99":40,"100":29,"103":40,"113":40,"120":40,"122":17,"124":17,"125":3,"126":3,"128":14,"129":14,"134":40,"149":1,"151":9,"153":9,"161":9,"162":2,"163":2,"164":2,"177":9,"179":19,"180":1,"183":18,"184":1,"187":17,"188":0,"191":17,"198":17,"199":17,"201":17,"205":17,"206":8,"207":8,"214":17,"215":17,"216":52,"221":17,"223":49,"225":49,"227":49,"233":49,"239":17,"241":32,"243":32,"244":223,"247":32,"253":17,"254":17,"256":17,"258":17,"259":17,"276":1,"278":11,"280":11,"281":1,"284":10,"290":10,"292":10,"293":1,"296":9}}}
