{
"/Users/indieisaconcept/Sites/development/personal/boulevard/lib/helper/index.js":{"path":"/Users/indieisaconcept/Sites/development/personal/boulevard/lib/helper/index.js","s":{"1":1,"2":1,"3":2,"4":6,"5":6,"6":2,"7":4,"8":6,"9":2,"10":1,"11":18,"12":18,"13":50,"14":50,"15":9,"16":9,"17":9,"18":2,"19":9,"20":50,"21":24,"22":24,"23":8,"24":16,"25":4,"26":50,"27":18,"28":1,"29":11,"30":2,"31":9,"32":9,"33":3,"34":1,"35":2,"36":1,"37":1,"38":6,"39":6,"40":6,"41":20,"42":20,"43":20,"44":20,"45":1,"46":1},"b":{"1":[6,5,4],"2":[2,4],"3":[2,4],"4":[18,1],"5":[9,41],"6":[9,9],"7":[9,2,8,1],"8":[2,7],"9":[24,26],"10":[8,16],"11":[8,7],"12":[4,12],"13":[4,3],"14":[2,9],"15":[3,6],"16":[1,2],"17":[1,1],"18":[6,6],"19":[6,6,0]},"f":{"1":2,"2":6,"3":18,"4":50,"5":9,"6":11,"7":20,"8":20},"fnMap":{"1":{"name":"(anonymous_1)","line":33,"loc":{"start":{"line":33,"column":12},"end":{"line":33,"column":64}}},"2":{"name":"(anonymous_2)","line":35,"loc":{"start":{"line":35,"column":32},"end":{"line":35,"column":48}}},"3":{"name":"(anonymous_3)","line":67,"loc":{"start":{"line":67,"column":17},"end":{"line":67,"column":70}}},"4":{"name":"(anonymous_4)","line":74,"loc":{"start":{"line":74,"column":35},"end":{"line":74,"column":51}}},"5":{"name":"(anonymous_5)","line":84,"loc":{"start":{"line":84,"column":63},"end":{"line":84,"column":92}}},"6":{"name":"(anonymous_6)","line":138,"loc":{"start":{"line":138,"column":9},"end":{"line":138,"column":71}}},"7":{"name":"(anonymous_7)","line":164,"loc":{"start":{"line":164,"column":15},"end":{"line":164,"column":71}}},"8":{"name":"(anonymous_8)","line":166,"loc":{"start":{"line":166,"column":28},"end":{"line":166,"column":44}}}},"statementMap":{"1":{"start":{"line":11,"column":0},"end":{"line":18,"column":6}},"2":{"start":{"line":33,"column":0},"end":{"line":54,"column":2}},"3":{"start":{"line":35,"column":4},"end":{"line":50,"column":7}},"4":{"start":{"line":37,"column":8},"end":{"line":40,"column":102}},"5":{"start":{"line":42,"column":8},"end":{"line":46,"column":9}},"6":{"start":{"line":43,"column":12},"end":{"line":43,"column":30}},"7":{"start":{"line":45,"column":12},"end":{"line":45,"column":25}},"8":{"start":{"line":48,"column":8},"end":{"line":48,"column":20}},"9":{"start":{"line":52,"column":4},"end":{"line":52,"column":22}},"10":{"start":{"line":67,"column":1},"end":{"line":120,"column":2}},"11":{"start":{"line":69,"column":4},"end":{"line":72,"column":36}},"12":{"start":{"line":74,"column":4},"end":{"line":116,"column":7}},"13":{"start":{"line":76,"column":8},"end":{"line":77,"column":28}},"14":{"start":{"line":79,"column":8},"end":{"line":97,"column":9}},"15":{"start":{"line":84,"column":12},"end":{"line":95,"column":22}},"16":{"start":{"line":86,"column":16},"end":{"line":87,"column":70}},"17":{"start":{"line":89,"column":16},"end":{"line":91,"column":17}},"18":{"start":{"line":90,"column":20},"end":{"line":90,"column":37}},"19":{"start":{"line":93,"column":16},"end":{"line":93,"column":32}},"20":{"start":{"line":102,"column":8},"end":{"line":112,"column":9}},"21":{"start":{"line":104,"column":12},"end":{"line":104,"column":46}},"22":{"start":{"line":106,"column":12},"end":{"line":110,"column":13}},"23":{"start":{"line":107,"column":16},"end":{"line":107,"column":47}},"24":{"start":{"line":108,"column":19},"end":{"line":110,"column":13}},"25":{"start":{"line":109,"column":16},"end":{"line":109,"column":48}},"26":{"start":{"line":114,"column":8},"end":{"line":114,"column":21}},"27":{"start":{"line":118,"column":4},"end":{"line":118,"column":22}},"28":{"start":{"line":138,"column":0},"end":{"line":181,"column":2}},"29":{"start":{"line":140,"column":4},"end":{"line":142,"column":5}},"30":{"start":{"line":141,"column":8},"end":{"line":141,"column":90}},"31":{"start":{"line":144,"column":4},"end":{"line":145,"column":42}},"32":{"start":{"line":147,"column":4},"end":{"line":179,"column":5}},"33":{"start":{"line":149,"column":8},"end":{"line":151,"column":9}},"34":{"start":{"line":150,"column":12},"end":{"line":150,"column":90}},"35":{"start":{"line":153,"column":8},"end":{"line":155,"column":9}},"36":{"start":{"line":154,"column":12},"end":{"line":154,"column":79}},"37":{"start":{"line":157,"column":8},"end":{"line":157,"column":30}},"38":{"start":{"line":161,"column":8},"end":{"line":161,"column":66}},"39":{"start":{"line":162,"column":8},"end":{"line":162,"column":60}},"40":{"start":{"line":164,"column":8},"end":{"line":177,"column":10}},"41":{"start":{"line":166,"column":12},"end":{"line":173,"column":15}},"42":{"start":{"line":168,"column":16},"end":{"line":169,"column":51}},"43":{"start":{"line":171,"column":16},"end":{"line":171,"column":58}},"44":{"start":{"line":175,"column":12},"end":{"line":175,"column":30}},"45":{"start":{"line":183,"column":0},"end":{"line":183,"column":26}},"46":{"start":{"line":184,"column":0},"end":{"line":184,"column":27}}},"branchMap":{"1":{"line":37,"type":"binary-expr","locations":[{"start":{"line":37,"column":22},"end":{"line":37,"column":30}},{"start":{"line":37,"column":34},"end":{"line":37,"column":43}},{"start":{"line":37,"column":47},"end":{"line":37,"column":51}}]},"2":{"line":39,"type":"cond-expr","locations":[{"start":{"line":39,"column":61},"end":{"line":39,"column":67}},{"start":{"line":39,"column":70},"end":{"line":39,"column":75}}]},"3":{"line":42,"type":"if","locations":[{"start":{"line":42,"column":8},"end":{"line":42,"column":8}},{"start":{"line":42,"column":8},"end":{"line":42,"column":8}}]},"4":{"line":70,"type":"binary-expr","locations":[{"start":{"line":70,"column":19},"end":{"line":70,"column":33}},{"start":{"line":70,"column":37},"end":{"line":70,"column":39}}]},"5":{"line":79,"type":"if","locations":[{"start":{"line":79,"column":8},"end":{"line":79,"column":8}},{"start":{"line":79,"column":8},"end":{"line":79,"column":8}}]},"6":{"line":84,"type":"binary-expr","locations":[{"start":{"line":84,"column":20},"end":{"line":84,"column":31}},{"start":{"line":84,"column":35},"end":{"line":95,"column":21}}]},"7":{"line":86,"type":"binary-expr","locations":[{"start":{"line":86,"column":28},"end":{"line":86,"column":45}},{"start":{"line":86,"column":49},"end":{"line":86,"column":70}},{"start":{"line":87,"column":28},"end":{"line":87,"column":44}},{"start":{"line":87,"column":48},"end":{"line":87,"column":69}}]},"8":{"line":89,"type":"if","locations":[{"start":{"line":89,"column":16},"end":{"line":89,"column":16}},{"start":{"line":89,"column":16},"end":{"line":89,"column":16}}]},"9":{"line":102,"type":"if","locations":[{"start":{"line":102,"column":8},"end":{"line":102,"column":8}},{"start":{"line":102,"column":8},"end":{"line":102,"column":8}}]},"10":{"line":106,"type":"if","locations":[{"start":{"line":106,"column":12},"end":{"line":106,"column":12}},{"start":{"line":106,"column":12},"end":{"line":106,"column":12}}]},"11":{"line":107,"type":"binary-expr","locations":[{"start":{"line":107,"column":25},"end":{"line":107,"column":30}},{"start":{"line":107,"column":34},"end":{"line":107,"column":45}}]},"12":{"line":108,"type":"if","locations":[{"start":{"line":108,"column":19},"end":{"line":108,"column":19}},{"start":{"line":108,"column":19},"end":{"line":108,"column":19}}]},"13":{"line":109,"type":"binary-expr","locations":[{"start":{"line":109,"column":25},"end":{"line":109,"column":30}},{"start":{"line":109,"column":34},"end":{"line":109,"column":46}}]},"14":{"line":140,"type":"if","locations":[{"start":{"line":140,"column":4},"end":{"line":140,"column":4}},{"start":{"line":140,"column":4},"end":{"line":140,"column":4}}]},"15":{"line":147,"type":"if","locations":[{"start":{"line":147,"column":4},"end":{"line":147,"column":4}},{"start":{"line":147,"column":4},"end":{"line":147,"column":4}}]},"16":{"line":149,"type":"if","locations":[{"start":{"line":149,"column":8},"end":{"line":149,"column":8}},{"start":{"line":149,"column":8},"end":{"line":149,"column":8}}]},"17":{"line":153,"type":"if","locations":[{"start":{"line":153,"column":8},"end":{"line":153,"column":8}},{"start":{"line":153,"column":8},"end":{"line":153,"column":8}}]},"18":{"line":161,"type":"binary-expr","locations":[{"start":{"line":161,"column":18},"end":{"line":161,"column":39}},{"start":{"line":161,"column":46},"end":{"line":161,"column":65}}]},"19":{"line":162,"type":"binary-expr","locations":[{"start":{"line":162,"column":18},"end":{"line":162,"column":41}},{"start":{"line":162,"column":46},"end":{"line":162,"column":53}},{"start":{"line":162,"column":57},"end":{"line":162,"column":59}}]}},"l":{"11":1,"33":1,"35":2,"37":6,"42":6,"43":2,"45":4,"48":6,"52":2,"67":1,"69":18,"74":18,"76":50,"79":50,"84":9,"86":9,"89":9,"90":2,"93":9,"102":50,"104":24,"106":24,"107":8,"108":16,"109":4,"114":50,"118":18,"138":1,"140":11,"141":2,"144":9,"147":9,"149":3,"150":1,"153":2,"154":1,"157":1,"161":6,"162":6,"164":6,"166":20,"168":20,"171":20,"175":20,"183":1,"184":1}},
"/Users/indieisaconcept/Sites/development/personal/boulevard/lib/util/index.js":{"path":"/Users/indieisaconcept/Sites/development/personal/boulevard/lib/util/index.js","s":{"1":1,"2":4,"3":4,"4":1,"5":1},"b":{"1":[4,4,0]},"f":{"1":4},"fnMap":{"1":{"name":"(anonymous_1)","line":24,"loc":{"start":{"line":24,"column":14},"end":{"line":24,"column":48}}}},"statementMap":{"1":{"start":{"line":11,"column":0},"end":{"line":28,"column":2}},"2":{"start":{"line":25,"column":8},"end":{"line":25,"column":70}},"3":{"start":{"line":26,"column":8},"end":{"line":26,"column":38}},"4":{"start":{"line":32,"column":0},"end":{"line":32,"column":37}},"5":{"start":{"line":34,"column":0},"end":{"line":34,"column":22}}},"branchMap":{"1":{"line":25,"type":"binary-expr","locations":[{"start":{"line":25,"column":34},"end":{"line":25,"column":43}},{"start":{"line":25,"column":47},"end":{"line":25,"column":62}},{"start":{"line":25,"column":66},"end":{"line":25,"column":68}}]}},"l":{"11":1,"25":4,"26":4,"32":1,"34":1}},
"/Users/indieisaconcept/Sites/development/personal/boulevard/lib/itinerary.js":{"path":"/Users/indieisaconcept/Sites/development/personal/boulevard/lib/itinerary.js","s":{"1":1,"2":1,"3":10,"4":10,"5":33,"6":20,"7":20,"8":18,"9":33,"10":1,"11":1,"12":1,"13":50,"14":9,"15":41,"16":41,"17":41,"18":29,"19":41,"20":41,"21":41,"22":18,"23":18,"24":3,"25":3,"26":15,"27":15,"28":41,"29":1,"30":10,"31":10,"32":10,"33":2,"34":2,"35":2,"36":10,"37":20,"38":1,"39":19,"40":1,"41":18,"42":0,"43":18,"44":18,"45":18,"46":18,"47":18,"48":8,"49":8,"50":18,"51":18,"52":54,"53":18,"54":50,"55":50,"56":50,"57":50,"58":18,"59":33,"60":33,"61":231,"62":33,"63":18,"64":18,"65":18,"66":18,"67":18,"68":1,"69":12,"70":12,"71":1,"72":11,"73":11,"74":11,"75":1,"76":10},"b":{"1":[18,2],"2":[1,0,1],"3":[9,41],"4":[41,38],"5":[29,29],"6":[2,39],"7":[41,23],"8":[41,4],"9":[41,38],"10":[41,18,26,13,3],"11":[18,23],"12":[3,15],"13":[2,1],"14":[15,5],"15":[9,6],"16":[41,33],"17":[10,8],"18":[10,8],"19":[2,0,2],"20":[1,19],"21":[1,18],"22":[0,18],"23":[18,0],"24":[8,8,6,0],"25":[18,18,0],"26":[11,220],"27":[12,6],"28":[1,11],"29":[1,10],"30":[8,3],"31":[3,2],"32":[1,10]},"f":{"1":10,"2":33,"3":20,"4":1,"5":50,"6":29,"7":10,"8":2,"9":20,"10":8,"11":54,"12":33,"13":231,"14":12},"fnMap":{"1":{"name":"(anonymous_1)","line":41,"loc":{"start":{"line":41,"column":9},"end":{"line":41,"column":64}}},"2":{"name":"(anonymous_2)","line":45,"loc":{"start":{"line":45,"column":11},"end":{"line":45,"column":85}}},"3":{"name":"(anonymous_3)","line":47,"loc":{"start":{"line":47,"column":22},"end":{"line":47,"column":37}}},"4":{"name":"(anonymous_4)","line":77,"loc":{"start":{"line":77,"column":11},"end":{"line":77,"column":26}}},"5":{"name":"(anonymous_5)","line":91,"loc":{"start":{"line":91,"column":10},"end":{"line":91,"column":42}}},"6":{"name":"(anonymous_6)","line":112,"loc":{"start":{"line":112,"column":26},"end":{"line":112,"column":42}}},"7":{"name":"(anonymous_7)","line":162,"loc":{"start":{"line":162,"column":12},"end":{"line":162,"column":67}}},"8":{"name":"(anonymous_8)","line":174,"loc":{"start":{"line":174,"column":31},"end":{"line":174,"column":60}}},"9":{"name":"(anonymous_9)","line":190,"loc":{"start":{"line":190,"column":11},"end":{"line":190,"column":66}}},"10":{"name":"(anonymous_10)","line":218,"loc":{"start":{"line":218,"column":24},"end":{"line":218,"column":39}}},"11":{"name":"(anonymous_11)","line":228,"loc":{"start":{"line":228,"column":43},"end":{"line":228,"column":59}}},"12":{"name":"(anonymous_12)","line":252,"loc":{"start":{"line":252,"column":31},"end":{"line":252,"column":60}}},"13":{"name":"(anonymous_13)","line":256,"loc":{"start":{"line":256,"column":55},"end":{"line":256,"column":70}}},"14":{"name":"(anonymous_14)","line":292,"loc":{"start":{"line":292,"column":17},"end":{"line":292,"column":82}}}},"statementMap":{"1":{"start":{"line":11,"column":0},"end":{"line":29,"column":41}},"2":{"start":{"line":41,"column":0},"end":{"line":66,"column":2}},"3":{"start":{"line":43,"column":4},"end":{"line":43,"column":36}},"4":{"start":{"line":45,"column":4},"end":{"line":64,"column":6}},"5":{"start":{"line":47,"column":9},"end":{"line":60,"column":12}},"6":{"start":{"line":49,"column":12},"end":{"line":49,"column":57}},"7":{"start":{"line":51,"column":12},"end":{"line":58,"column":13}},"8":{"start":{"line":52,"column":16},"end":{"line":57,"column":20}},"9":{"start":{"line":62,"column":9},"end":{"line":62,"column":21}},"10":{"start":{"line":77,"column":0},"end":{"line":79,"column":2}},"11":{"start":{"line":78,"column":4},"end":{"line":78,"column":53}},"12":{"start":{"line":91,"column":0},"end":{"line":149,"column":2}},"13":{"start":{"line":93,"column":4},"end":{"line":95,"column":5}},"14":{"start":{"line":94,"column":8},"end":{"line":94,"column":15}},"15":{"start":{"line":100,"column":4},"end":{"line":100,"column":47}},"16":{"start":{"line":102,"column":4},"end":{"line":106,"column":6}},"17":{"start":{"line":112,"column":4},"end":{"line":114,"column":7}},"18":{"start":{"line":113,"column":8},"end":{"line":113,"column":55}},"19":{"start":{"line":116,"column":4},"end":{"line":120,"column":6}},"20":{"start":{"line":126,"column":4},"end":{"line":128,"column":53}},"21":{"start":{"line":133,"column":4},"end":{"line":145,"column":5}},"22":{"start":{"line":135,"column":8},"end":{"line":135,"column":25}},"23":{"start":{"line":137,"column":8},"end":{"line":143,"column":9}},"24":{"start":{"line":138,"column":12},"end":{"line":138,"column":37}},"25":{"start":{"line":139,"column":12},"end":{"line":139,"column":53}},"26":{"start":{"line":141,"column":12},"end":{"line":141,"column":52}},"27":{"start":{"line":142,"column":12},"end":{"line":142,"column":58}},"28":{"start":{"line":147,"column":4},"end":{"line":147,"column":41}},"29":{"start":{"line":162,"column":0},"end":{"line":279,"column":2}},"30":{"start":{"line":164,"column":4},"end":{"line":164,"column":44}},"31":{"start":{"line":166,"column":4},"end":{"line":169,"column":25}},"32":{"start":{"line":174,"column":4},"end":{"line":178,"column":12}},"33":{"start":{"line":175,"column":8},"end":{"line":175,"column":38}},"34":{"start":{"line":176,"column":8},"end":{"line":176,"column":78}},"35":{"start":{"line":177,"column":8},"end":{"line":177,"column":24}},"36":{"start":{"line":190,"column":4},"end":{"line":277,"column":6}},"37":{"start":{"line":192,"column":8},"end":{"line":194,"column":9}},"38":{"start":{"line":193,"column":12},"end":{"line":193,"column":67}},"39":{"start":{"line":196,"column":8},"end":{"line":198,"column":9}},"40":{"start":{"line":197,"column":12},"end":{"line":197,"column":59}},"41":{"start":{"line":200,"column":8},"end":{"line":202,"column":9}},"42":{"start":{"line":201,"column":12},"end":{"line":201,"column":62}},"43":{"start":{"line":204,"column":8},"end":{"line":209,"column":40}},"44":{"start":{"line":211,"column":8},"end":{"line":211,"column":39}},"45":{"start":{"line":212,"column":8},"end":{"line":212,"column":39}},"46":{"start":{"line":214,"column":8},"end":{"line":214,"column":27}},"47":{"start":{"line":218,"column":8},"end":{"line":222,"column":11}},"48":{"start":{"line":219,"column":12},"end":{"line":219,"column":38}},"49":{"start":{"line":220,"column":12},"end":{"line":221,"column":86}},"50":{"start":{"line":227,"column":8},"end":{"line":227,"column":70}},"51":{"start":{"line":228,"column":8},"end":{"line":230,"column":11}},"52":{"start":{"line":229,"column":12},"end":{"line":229,"column":35}},"53":{"start":{"line":234,"column":8},"end":{"line":248,"column":9}},"54":{"start":{"line":236,"column":12},"end":{"line":236,"column":76}},"55":{"start":{"line":238,"column":12},"end":{"line":238,"column":36}},"56":{"start":{"line":240,"column":12},"end":{"line":240,"column":76}},"57":{"start":{"line":246,"column":12},"end":{"line":246,"column":40}},"58":{"start":{"line":252,"column":8},"end":{"line":262,"column":19}},"59":{"start":{"line":254,"column":12},"end":{"line":254,"column":63}},"60":{"start":{"line":256,"column":12},"end":{"line":258,"column":15}},"61":{"start":{"line":257,"column":16},"end":{"line":257,"column":67}},"62":{"start":{"line":260,"column":12},"end":{"line":260,"column":28}},"63":{"start":{"line":266,"column":8},"end":{"line":266,"column":27}},"64":{"start":{"line":267,"column":8},"end":{"line":267,"column":30}},"65":{"start":{"line":269,"column":8},"end":{"line":269,"column":55}},"66":{"start":{"line":271,"column":8},"end":{"line":273,"column":11}},"67":{"start":{"line":275,"column":8},"end":{"line":275,"column":58}},"68":{"start":{"line":292,"column":0},"end":{"line":314,"column":2}},"69":{"start":{"line":294,"column":4},"end":{"line":294,"column":28}},"70":{"start":{"line":296,"column":4},"end":{"line":298,"column":5}},"71":{"start":{"line":297,"column":8},"end":{"line":297,"column":67}},"72":{"start":{"line":300,"column":4},"end":{"line":301,"column":67}},"73":{"start":{"line":306,"column":4},"end":{"line":306,"column":123}},"74":{"start":{"line":308,"column":4},"end":{"line":310,"column":5}},"75":{"start":{"line":309,"column":8},"end":{"line":309,"column":71}},"76":{"start":{"line":312,"column":4},"end":{"line":312,"column":40}}},"branchMap":{"1":{"line":51,"type":"if","locations":[{"start":{"line":51,"column":12},"end":{"line":51,"column":12}},{"start":{"line":51,"column":12},"end":{"line":51,"column":12}}]},"2":{"line":78,"type":"binary-expr","locations":[{"start":{"line":78,"column":11},"end":{"line":78,"column":15}},{"start":{"line":78,"column":19},"end":{"line":78,"column":23}},{"start":{"line":78,"column":27},"end":{"line":78,"column":52}}]},"3":{"line":93,"type":"if","locations":[{"start":{"line":93,"column":4},"end":{"line":93,"column":4}},{"start":{"line":93,"column":4},"end":{"line":93,"column":4}}]},"4":{"line":105,"type":"binary-expr","locations":[{"start":{"line":105,"column":15},"end":{"line":105,"column":31}},{"start":{"line":105,"column":35},"end":{"line":105,"column":37}}]},"5":{"line":113,"type":"binary-expr","locations":[{"start":{"line":113,"column":15},"end":{"line":113,"column":28}},{"start":{"line":113,"column":32},"end":{"line":113,"column":54}}]},"6":{"line":117,"type":"cond-expr","locations":[{"start":{"line":117,"column":67},"end":{"line":117,"column":82}},{"start":{"line":117,"column":85},"end":{"line":117,"column":89}}]},"7":{"line":117,"type":"binary-expr","locations":[{"start":{"line":117,"column":18},"end":{"line":117,"column":27}},{"start":{"line":117,"column":31},"end":{"line":117,"column":64}}]},"8":{"line":118,"type":"binary-expr","locations":[{"start":{"line":118,"column":18},"end":{"line":118,"column":32}},{"start":{"line":118,"column":38},"end":{"line":118,"column":40}}]},"9":{"line":119,"type":"binary-expr","locations":[{"start":{"line":119,"column":18},"end":{"line":119,"column":34}},{"start":{"line":119,"column":38},"end":{"line":119,"column":40}}]},"10":{"line":126,"type":"binary-expr","locations":[{"start":{"line":126,"column":22},"end":{"line":126,"column":30}},{"start":{"line":126,"column":34},"end":{"line":126,"column":52}},{"start":{"line":127,"column":21},"end":{"line":127,"column":28}},{"start":{"line":128,"column":21},"end":{"line":128,"column":29}},{"start":{"line":128,"column":33},"end":{"line":128,"column":51}}]},"11":{"line":133,"type":"if","locations":[{"start":{"line":133,"column":4},"end":{"line":133,"column":4}},{"start":{"line":133,"column":4},"end":{"line":133,"column":4}}]},"12":{"line":137,"type":"if","locations":[{"start":{"line":137,"column":8},"end":{"line":137,"column":8}},{"start":{"line":137,"column":8},"end":{"line":137,"column":8}}]},"13":{"line":139,"type":"cond-expr","locations":[{"start":{"line":139,"column":35},"end":{"line":139,"column":43}},{"start":{"line":139,"column":46},"end":{"line":139,"column":52}}]},"14":{"line":141,"type":"binary-expr","locations":[{"start":{"line":141,"column":20},"end":{"line":141,"column":45}},{"start":{"line":141,"column":49},"end":{"line":141,"column":51}}]},"15":{"line":142,"type":"cond-expr","locations":[{"start":{"line":142,"column":43},"end":{"line":142,"column":48}},{"start":{"line":142,"column":51},"end":{"line":142,"column":57}}]},"16":{"line":147,"type":"binary-expr","locations":[{"start":{"line":147,"column":11},"end":{"line":147,"column":16}},{"start":{"line":147,"column":20},"end":{"line":147,"column":40}}]},"17":{"line":164,"type":"binary-expr","locations":[{"start":{"line":164,"column":22},"end":{"line":164,"column":37}},{"start":{"line":164,"column":41},"end":{"line":164,"column":43}}]},"18":{"line":167,"type":"binary-expr","locations":[{"start":{"line":167,"column":22},"end":{"line":167,"column":39}},{"start":{"line":167,"column":43},"end":{"line":167,"column":45}}]},"19":{"line":176,"type":"binary-expr","locations":[{"start":{"line":176,"column":28},"end":{"line":176,"column":49}},{"start":{"line":176,"column":53},"end":{"line":176,"column":69}},{"start":{"line":176,"column":73},"end":{"line":176,"column":77}}]},"20":{"line":192,"type":"if","locations":[{"start":{"line":192,"column":8},"end":{"line":192,"column":8}},{"start":{"line":192,"column":8},"end":{"line":192,"column":8}}]},"21":{"line":196,"type":"if","locations":[{"start":{"line":196,"column":8},"end":{"line":196,"column":8}},{"start":{"line":196,"column":8},"end":{"line":196,"column":8}}]},"22":{"line":200,"type":"if","locations":[{"start":{"line":200,"column":8},"end":{"line":200,"column":8}},{"start":{"line":200,"column":8},"end":{"line":200,"column":8}}]},"23":{"line":212,"type":"binary-expr","locations":[{"start":{"line":212,"column":16},"end":{"line":212,"column":30}},{"start":{"line":212,"column":34},"end":{"line":212,"column":38}}]},"24":{"line":220,"type":"binary-expr","locations":[{"start":{"line":220,"column":35},"end":{"line":220,"column":56}},{"start":{"line":220,"column":60},"end":{"line":220,"column":85}},{"start":{"line":221,"column":28},"end":{"line":221,"column":51}},{"start":{"line":221,"column":55},"end":{"line":221,"column":85}}]},"25":{"line":227,"type":"binary-expr","locations":[{"start":{"line":227,"column":14},"end":{"line":227,"column":17}},{"start":{"line":227,"column":21},"end":{"line":227,"column":63}},{"start":{"line":227,"column":67},"end":{"line":227,"column":69}}]},"26":{"line":257,"type":"cond-expr","locations":[{"start":{"line":257,"column":43},"end":{"line":257,"column":54}},{"start":{"line":257,"column":57},"end":{"line":257,"column":66}}]},"27":{"line":294,"type":"binary-expr","locations":[{"start":{"line":294,"column":14},"end":{"line":294,"column":21}},{"start":{"line":294,"column":25},"end":{"line":294,"column":27}}]},"28":{"line":296,"type":"if","locations":[{"start":{"line":296,"column":4},"end":{"line":296,"column":4}},{"start":{"line":296,"column":4},"end":{"line":296,"column":4}}]},"29":{"line":301,"type":"cond-expr","locations":[{"start":{"line":301,"column":43},"end":{"line":301,"column":52}},{"start":{"line":301,"column":55},"end":{"line":301,"column":66}}]},"30":{"line":306,"type":"cond-expr","locations":[{"start":{"line":306,"column":43},"end":{"line":306,"column":51}},{"start":{"line":306,"column":54},"end":{"line":306,"column":122}}]},"31":{"line":306,"type":"binary-expr","locations":[{"start":{"line":306,"column":54},"end":{"line":306,"column":77}},{"start":{"line":306,"column":81},"end":{"line":306,"column":122}}]},"32":{"line":308,"type":"if","locations":[{"start":{"line":308,"column":4},"end":{"line":308,"column":4}},{"start":{"line":308,"column":4},"end":{"line":308,"column":4}}]}},"l":{"11":1,"41":1,"43":10,"45":10,"47":33,"49":20,"51":20,"52":18,"62":33,"77":1,"78":1,"91":1,"93":50,"94":9,"100":41,"102":41,"112":41,"113":29,"116":41,"126":41,"133":41,"135":18,"137":18,"138":3,"139":3,"141":15,"142":15,"147":41,"162":1,"164":10,"166":10,"174":10,"175":2,"176":2,"177":2,"190":10,"192":20,"193":1,"196":19,"197":1,"200":18,"201":0,"204":18,"211":18,"212":18,"214":18,"218":18,"219":8,"220":8,"227":18,"228":18,"229":54,"234":18,"236":50,"238":50,"240":50,"246":50,"252":18,"254":33,"256":33,"257":231,"260":33,"266":18,"267":18,"269":18,"271":18,"275":18,"292":1,"294":12,"296":12,"297":1,"300":11,"306":11,"308":11,"309":1,"312":10}}}
