TN:
SF:/Users/indieisaconcept/Sites/development/personal/boulevard/lib/helper/index.js
FN:33,(anonymous_1)
FN:35,(anonymous_2)
FN:67,(anonymous_3)
FN:74,(anonymous_4)
FN:84,(anonymous_5)
FN:138,(anonymous_6)
FN:164,(anonymous_7)
FN:166,(anonymous_8)
FNF:8
FNH:8
FNDA:2,(anonymous_1)
FNDA:6,(anonymous_2)
FNDA:18,(anonymous_3)
FNDA:50,(anonymous_4)
FNDA:9,(anonymous_5)
FNDA:11,(anonymous_6)
FNDA:20,(anonymous_7)
FNDA:20,(anonymous_8)
DA:11,1
DA:33,1
DA:35,2
DA:37,6
DA:42,6
DA:43,2
DA:45,4
DA:48,6
DA:52,2
DA:67,1
DA:69,18
DA:74,18
DA:76,50
DA:79,50
DA:84,9
DA:86,9
DA:89,9
DA:90,2
DA:93,9
DA:102,50
DA:104,24
DA:106,24
DA:107,8
DA:108,16
DA:109,4
DA:114,50
DA:118,18
DA:138,1
DA:140,11
DA:141,2
DA:144,9
DA:147,9
DA:149,3
DA:150,1
DA:153,2
DA:154,1
DA:157,1
DA:161,6
DA:162,6
DA:164,6
DA:166,20
DA:168,20
DA:171,20
DA:175,20
DA:183,1
DA:184,1
LF:46
LH:46
BRDA:37,1,0,6
BRDA:37,1,1,5
BRDA:37,1,2,4
BRDA:39,2,0,2
BRDA:39,2,1,4
BRDA:42,3,0,2
BRDA:42,3,1,4
BRDA:70,4,0,18
BRDA:70,4,1,1
BRDA:79,5,0,9
BRDA:79,5,1,41
BRDA:84,6,0,9
BRDA:84,6,1,9
BRDA:86,7,0,9
BRDA:86,7,1,2
BRDA:86,7,2,8
BRDA:86,7,3,1
BRDA:89,8,0,2
BRDA:89,8,1,7
BRDA:102,9,0,24
BRDA:102,9,1,26
BRDA:106,10,0,8
BRDA:106,10,1,16
BRDA:107,11,0,8
BRDA:107,11,1,7
BRDA:108,12,0,4
BRDA:108,12,1,12
BRDA:109,13,0,4
BRDA:109,13,1,3
BRDA:140,14,0,2
BRDA:140,14,1,9
BRDA:147,15,0,3
BRDA:147,15,1,6
BRDA:149,16,0,1
BRDA:149,16,1,2
BRDA:153,17,0,1
BRDA:153,17,1,1
BRDA:161,18,0,6
BRDA:161,18,1,6
BRDA:162,19,0,6
BRDA:162,19,1,6
BRDA:162,19,2,0
BRF:42
BRH:41
end_of_record
TN:
SF:/Users/indieisaconcept/Sites/development/personal/boulevard/lib/util/index.js
FN:24,(anonymous_1)
FNF:1
FNH:1
FNDA:4,(anonymous_1)
DA:11,1
DA:25,4
DA:26,4
DA:32,1
DA:34,1
LF:5
LH:5
BRDA:25,1,0,4
BRDA:25,1,1,4
BRDA:25,1,2,0
BRF:3
BRH:2
end_of_record
TN:
SF:/Users/indieisaconcept/Sites/development/personal/boulevard/lib/boulevard.js
FN:41,(anonymous_1)
FN:45,(anonymous_2)
FN:47,(anonymous_3)
FN:78,(anonymous_4)
FN:99,(anonymous_5)
FN:149,(anonymous_6)
FN:161,(anonymous_7)
FN:177,(anonymous_8)
FN:205,(anonymous_9)
FN:215,(anonymous_10)
FN:239,(anonymous_11)
FN:243,(anonymous_12)
FN:276,(anonymous_13)
FNF:13
FNH:13
FNDA:9,(anonymous_1)
FNDA:32,(anonymous_2)
FNDA:20,(anonymous_3)
FNDA:49,(anonymous_4)
FNDA:29,(anonymous_5)
FNDA:9,(anonymous_6)
FNDA:2,(anonymous_7)
FNDA:19,(anonymous_8)
FNDA:8,(anonymous_9)
FNDA:52,(anonymous_10)
FNDA:32,(anonymous_11)
FNDA:223,(anonymous_12)
FNDA:11,(anonymous_13)
DA:11,1
DA:41,1
DA:43,9
DA:45,9
DA:47,32
DA:49,20
DA:51,20
DA:52,18
DA:62,32
DA:78,1
DA:80,49
DA:81,9
DA:87,40
DA:89,40
DA:99,40
DA:100,29
DA:103,40
DA:113,40
DA:120,40
DA:122,17
DA:124,17
DA:125,3
DA:126,3
DA:128,14
DA:129,14
DA:134,40
DA:149,1
DA:151,9
DA:153,9
DA:161,9
DA:162,2
DA:163,2
DA:164,2
DA:177,9
DA:179,19
DA:180,1
DA:183,18
DA:184,1
DA:187,17
DA:188,0
DA:191,17
DA:198,17
DA:199,17
DA:201,17
DA:205,17
DA:206,8
DA:207,8
DA:214,17
DA:215,17
DA:216,52
DA:221,17
DA:223,49
DA:225,49
DA:227,49
DA:233,49
DA:239,17
DA:241,32
DA:243,32
DA:244,223
DA:247,32
DA:253,17
DA:254,17
DA:256,17
DA:258,17
DA:259,17
DA:276,1
DA:278,11
DA:280,11
DA:281,1
DA:284,10
DA:290,10
DA:292,10
DA:293,1
DA:296,9
LF:74
LH:73
BRDA:51,1,0,18
BRDA:51,1,1,2
BRDA:80,2,0,9
BRDA:80,2,1,40
BRDA:92,3,0,40
BRDA:92,3,1,37
BRDA:100,4,0,29
BRDA:100,4,1,29
BRDA:104,5,0,2
BRDA:104,5,1,38
BRDA:104,6,0,40
BRDA:104,6,1,23
BRDA:105,7,0,40
BRDA:105,7,1,4
BRDA:106,8,0,40
BRDA:106,8,1,37
BRDA:113,9,0,40
BRDA:113,9,1,17
BRDA:113,9,2,26
BRDA:113,9,3,13
BRDA:113,9,4,3
BRDA:120,10,0,17
BRDA:120,10,1,23
BRDA:124,11,0,3
BRDA:124,11,1,14
BRDA:126,12,0,2
BRDA:126,12,1,1
BRDA:128,13,0,14
BRDA:128,13,1,4
BRDA:129,14,0,9
BRDA:129,14,1,5
BRDA:134,15,0,40
BRDA:134,15,1,32
BRDA:151,16,0,9
BRDA:151,16,1,7
BRDA:154,17,0,9
BRDA:154,17,1,7
BRDA:163,18,0,2
BRDA:163,18,1,0
BRDA:163,18,2,2
BRDA:179,19,0,1
BRDA:179,19,1,18
BRDA:183,20,0,1
BRDA:183,20,1,17
BRDA:187,21,0,0
BRDA:187,21,1,17
BRDA:199,22,0,17
BRDA:199,22,1,0
BRDA:207,23,0,8
BRDA:207,23,1,8
BRDA:207,23,2,6
BRDA:207,23,3,0
BRDA:214,24,0,17
BRDA:214,24,1,17
BRDA:214,24,2,0
BRDA:244,25,0,11
BRDA:244,25,1,212
BRDA:278,26,0,11
BRDA:278,26,1,5
BRDA:280,27,0,1
BRDA:280,27,1,10
BRDA:285,28,0,1
BRDA:285,28,1,9
BRDA:290,29,0,7
BRDA:290,29,1,3
BRDA:290,30,0,3
BRDA:290,30,1,2
BRDA:292,31,0,1
BRDA:292,31,1,9
BRF:69
BRH:64
end_of_record
