TN:
SF:/Users/indieisaconcept/Sites/development/personal/boulevard/lib/helper/index.js
FN:33,(anonymous_1)
FN:35,(anonymous_2)
FN:67,(anonymous_3)
FN:74,(anonymous_4)
FN:84,(anonymous_5)
FN:138,(anonymous_6)
FN:164,(anonymous_7)
FN:166,(anonymous_8)
FNF:8
FNH:8
FNDA:2,(anonymous_1)
FNDA:6,(anonymous_2)
FNDA:18,(anonymous_3)
FNDA:50,(anonymous_4)
FNDA:9,(anonymous_5)
FNDA:11,(anonymous_6)
FNDA:20,(anonymous_7)
FNDA:20,(anonymous_8)
DA:11,1
DA:33,1
DA:35,2
DA:37,6
DA:42,6
DA:43,2
DA:45,4
DA:48,6
DA:52,2
DA:67,1
DA:69,18
DA:74,18
DA:76,50
DA:79,50
DA:84,9
DA:86,9
DA:89,9
DA:90,2
DA:93,9
DA:102,50
DA:104,24
DA:106,24
DA:107,8
DA:108,16
DA:109,4
DA:114,50
DA:118,18
DA:138,1
DA:140,11
DA:141,2
DA:144,9
DA:147,9
DA:149,3
DA:150,1
DA:153,2
DA:154,1
DA:157,1
DA:161,6
DA:162,6
DA:164,6
DA:166,20
DA:168,20
DA:171,20
DA:175,20
DA:183,1
DA:184,1
LF:46
LH:46
BRDA:37,1,0,6
BRDA:37,1,1,5
BRDA:37,1,2,4
BRDA:39,2,0,2
BRDA:39,2,1,4
BRDA:42,3,0,2
BRDA:42,3,1,4
BRDA:70,4,0,18
BRDA:70,4,1,1
BRDA:79,5,0,9
BRDA:79,5,1,41
BRDA:84,6,0,9
BRDA:84,6,1,9
BRDA:86,7,0,9
BRDA:86,7,1,2
BRDA:86,7,2,8
BRDA:86,7,3,1
BRDA:89,8,0,2
BRDA:89,8,1,7
BRDA:102,9,0,24
BRDA:102,9,1,26
BRDA:106,10,0,8
BRDA:106,10,1,16
BRDA:107,11,0,8
BRDA:107,11,1,7
BRDA:108,12,0,4
BRDA:108,12,1,12
BRDA:109,13,0,4
BRDA:109,13,1,3
BRDA:140,14,0,2
BRDA:140,14,1,9
BRDA:147,15,0,3
BRDA:147,15,1,6
BRDA:149,16,0,1
BRDA:149,16,1,2
BRDA:153,17,0,1
BRDA:153,17,1,1
BRDA:161,18,0,6
BRDA:161,18,1,6
BRDA:162,19,0,6
BRDA:162,19,1,6
BRDA:162,19,2,0
BRF:42
BRH:41
end_of_record
TN:
SF:/Users/indieisaconcept/Sites/development/personal/boulevard/lib/util/index.js
FN:24,(anonymous_1)
FNF:1
FNH:1
FNDA:4,(anonymous_1)
DA:11,1
DA:25,4
DA:26,4
DA:32,1
DA:34,1
LF:5
LH:5
BRDA:25,1,0,4
BRDA:25,1,1,4
BRDA:25,1,2,0
BRF:3
BRH:2
end_of_record
TN:
SF:/Users/indieisaconcept/Sites/development/personal/boulevard/lib/itinerary.js
FN:41,(anonymous_1)
FN:45,(anonymous_2)
FN:47,(anonymous_3)
FN:77,(anonymous_4)
FN:91,(anonymous_5)
FN:112,(anonymous_6)
FN:162,(anonymous_7)
FN:174,(anonymous_8)
FN:190,(anonymous_9)
FN:218,(anonymous_10)
FN:228,(anonymous_11)
FN:252,(anonymous_12)
FN:256,(anonymous_13)
FN:292,(anonymous_14)
FNF:14
FNH:14
FNDA:10,(anonymous_1)
FNDA:33,(anonymous_2)
FNDA:20,(anonymous_3)
FNDA:1,(anonymous_4)
FNDA:50,(anonymous_5)
FNDA:29,(anonymous_6)
FNDA:10,(anonymous_7)
FNDA:2,(anonymous_8)
FNDA:20,(anonymous_9)
FNDA:8,(anonymous_10)
FNDA:54,(anonymous_11)
FNDA:33,(anonymous_12)
FNDA:231,(anonymous_13)
FNDA:12,(anonymous_14)
DA:11,1
DA:41,1
DA:43,10
DA:45,10
DA:47,33
DA:49,20
DA:51,20
DA:52,18
DA:62,33
DA:77,1
DA:78,1
DA:91,1
DA:93,50
DA:94,9
DA:100,41
DA:102,41
DA:112,41
DA:113,29
DA:116,41
DA:126,41
DA:133,41
DA:135,18
DA:137,18
DA:138,3
DA:139,3
DA:141,15
DA:142,15
DA:147,41
DA:162,1
DA:164,10
DA:166,10
DA:174,10
DA:175,2
DA:176,2
DA:177,2
DA:190,10
DA:192,20
DA:193,1
DA:196,19
DA:197,1
DA:200,18
DA:201,0
DA:204,18
DA:211,18
DA:212,18
DA:214,18
DA:218,18
DA:219,8
DA:220,8
DA:227,18
DA:228,18
DA:229,54
DA:234,18
DA:236,50
DA:238,50
DA:240,50
DA:246,50
DA:252,18
DA:254,33
DA:256,33
DA:257,231
DA:260,33
DA:266,18
DA:267,18
DA:269,18
DA:271,18
DA:275,18
DA:292,1
DA:294,12
DA:296,12
DA:297,1
DA:300,11
DA:306,11
DA:308,11
DA:309,1
DA:312,10
LF:76
LH:75
BRDA:51,1,0,18
BRDA:51,1,1,2
BRDA:78,2,0,1
BRDA:78,2,1,0
BRDA:78,2,2,1
BRDA:93,3,0,9
BRDA:93,3,1,41
BRDA:105,4,0,41
BRDA:105,4,1,38
BRDA:113,5,0,29
BRDA:113,5,1,29
BRDA:117,6,0,2
BRDA:117,6,1,39
BRDA:117,7,0,41
BRDA:117,7,1,23
BRDA:118,8,0,41
BRDA:118,8,1,4
BRDA:119,9,0,41
BRDA:119,9,1,38
BRDA:126,10,0,41
BRDA:126,10,1,18
BRDA:126,10,2,26
BRDA:126,10,3,13
BRDA:126,10,4,3
BRDA:133,11,0,18
BRDA:133,11,1,23
BRDA:137,12,0,3
BRDA:137,12,1,15
BRDA:139,13,0,2
BRDA:139,13,1,1
BRDA:141,14,0,15
BRDA:141,14,1,5
BRDA:142,15,0,9
BRDA:142,15,1,6
BRDA:147,16,0,41
BRDA:147,16,1,33
BRDA:164,17,0,10
BRDA:164,17,1,8
BRDA:167,18,0,10
BRDA:167,18,1,8
BRDA:176,19,0,2
BRDA:176,19,1,0
BRDA:176,19,2,2
BRDA:192,20,0,1
BRDA:192,20,1,19
BRDA:196,21,0,1
BRDA:196,21,1,18
BRDA:200,22,0,0
BRDA:200,22,1,18
BRDA:212,23,0,18
BRDA:212,23,1,0
BRDA:220,24,0,8
BRDA:220,24,1,8
BRDA:220,24,2,6
BRDA:220,24,3,0
BRDA:227,25,0,18
BRDA:227,25,1,18
BRDA:227,25,2,0
BRDA:257,26,0,11
BRDA:257,26,1,220
BRDA:294,27,0,12
BRDA:294,27,1,6
BRDA:296,28,0,1
BRDA:296,28,1,11
BRDA:301,29,0,1
BRDA:301,29,1,10
BRDA:306,30,0,8
BRDA:306,30,1,3
BRDA:306,31,0,3
BRDA:306,31,1,2
BRDA:308,32,0,1
BRDA:308,32,1,10
BRF:72
BRH:66
end_of_record
